2018-04-15 14:49:03 - Starting C:\Program Files\nodejs\node.exe  --harmony C:\Users\John\AppData\Roaming\npm\node_modules\qckwinsvc\node_modules\node-windows\lib\wrapper.js --file C:\Users\John\Projects\index.js --log "GearService wrapper" --grow 0.25 --wait 1 --maxrestarts 3 --abortonerror n --stopparentfirst undefined
2018-04-15 14:49:03 - Started 6440
2018-04-16 14:37:15 - Stopping gearservice.exe
2018-04-16 14:37:15 - ProcessKill 6440
2018-04-16 14:37:15 - Found child process: 12604 Name: conhost.exe
2018-04-16 14:37:15 - Found child process: 5384 Name: node.exe
2018-04-16 14:37:15 - Stopping process 12604
2018-04-16 14:37:15 - Send SIGINT 12604
2018-04-16 14:37:15 - SIGINT to 12604 failed - Killing as fallback
2018-04-16 14:37:15 - Stopping process 5384
2018-04-16 14:37:15 - Send SIGINT 5384
2018-04-16 14:37:15 - SIGINT to 5384 failed - Killing as fallback
2018-04-16 14:37:15 - Stopping process 6440
2018-04-16 14:37:15 - Send SIGINT 6440
2018-04-16 14:37:15 - SIGINT to 6440 failed - Killing as fallback
2018-04-16 14:37:15 - Finished gearservice.exe
2018-04-16 14:37:16 - Starting C:\Program Files\nodejs\node.exe  --harmony C:\Users\John\AppData\Roaming\npm\node_modules\qckwinsvc\node_modules\node-windows\lib\wrapper.js --file C:\Users\John\Projects\index.js --log "GearService wrapper" --grow 0.25 --wait 1 --maxrestarts 3 --abortonerror n --stopparentfirst undefined
2018-04-16 14:37:16 - Started 13196
2018-04-16 21:54:04 - Stopping gearservice.exe
2018-04-16 21:54:04 - ProcessKill 13196
2018-04-16 21:54:04 - Found child process: 4840 Name: conhost.exe
2018-04-16 21:54:04 - Found child process: 7768 Name: node.exe
2018-04-16 21:54:04 - Stopping process 4840
2018-04-16 21:54:04 - Send SIGINT 4840
2018-04-16 21:54:04 - SIGINT to 4840 failed - Killing as fallback
2018-04-16 21:54:04 - Stopping process 7768
2018-04-16 21:54:04 - Send SIGINT 7768
2018-04-16 21:54:04 - SIGINT to 7768 failed - Killing as fallback
2018-04-16 21:54:04 - Stopping process 13196
2018-04-16 21:54:04 - Send SIGINT 13196
2018-04-16 21:54:04 - SIGINT to 13196 failed - Killing as fallback
2018-04-16 21:54:04 - Finished gearservice.exe
