module.js:549
    throw err;
    ^

Error: Cannot find module 'ambilux'
    at Function.Module._resolveFilename (module.js:547:15)
    at Function.Module._load (module.js:474:25)
    at Module.require (module.js:596:17)
    at require (internal/module.js:11:18)
    at Object.<anonymous> (C:\Users\John\Projects\index.js:3:15)
    at Module._compile (module.js:652:30)
    at Object.Module._extensions..js (module.js:663:10)
    at Module.load (module.js:565:32)
    at tryModuleLoad (module.js:505:12)
    at Function.Module._load (module.js:497:3)
module.js:549
    throw err;
    ^

Error: Cannot find module 'ambilux'
    at Function.Module._resolveFilename (module.js:547:15)
    at Function.Module._load (module.js:474:25)
    at Module.require (module.js:596:17)
    at require (internal/module.js:11:18)
    at Object.<anonymous> (C:\Users\John\Projects\index.js:3:15)
    at Module._compile (module.js:652:30)
    at Object.Module._extensions..js (module.js:663:10)
    at Module.load (module.js:565:32)
    at tryModuleLoad (module.js:505:12)
    at Function.Module._load (module.js:497:3)
module.js:549
    throw err;
    ^

Error: Cannot find module 'ambilux'
    at Function.Module._resolveFilename (module.js:547:15)
    at Function.Module._load (module.js:474:25)
    at Module.require (module.js:596:17)
    at require (internal/module.js:11:18)
    at Object.<anonymous> (C:\Users\John\Projects\index.js:3:15)
    at Module._compile (module.js:652:30)
    at Object.Module._extensions..js (module.js:663:10)
    at Module.load (module.js:565:32)
    at tryModuleLoad (module.js:505:12)
    at Function.Module._load (module.js:497:3)
C:\Users\John\AppData\Roaming\npm\node_modules\qckwinsvc\node_modules\node-windows\lib\wrapper.js:177
    child.send('shutdown');
          ^

TypeError: Cannot read property 'send' of null
    at process.killkid (C:\Users\John\AppData\Roaming\npm\node_modules\qckwinsvc\node_modules\node-windows\lib\wrapper.js:177:11)
    at emitOne (events.js:116:13)
    at process.emit (events.js:211:7)
    at process.exit (internal/process.js:157:15)
    at monitor (C:\Users\John\AppData\Roaming\npm\node_modules\qckwinsvc\node_modules\node-windows\lib\wrapper.js:99:17)
    at ChildProcess.<anonymous> (C:\Users\John\AppData\Roaming\npm\node_modules\qckwinsvc\node_modules\node-windows\lib\wrapper.js:170:5)
    at emitTwo (events.js:126:13)
    at ChildProcess.emit (events.js:214:7)
    at Process.ChildProcess._handle.onexit (internal/child_process.js:198:12)
LIFX Client UDP error
Trace: { Error: bind EADDRINUSE 0.0.0.0:56700
    at Object._errnoException (util.js:1022:11)
    at _exceptionWithHostPort (util.js:1044:20)
    at _handle.lookup (dgram.js:266:18)
    at _combinedTickCallback (internal/process/next_tick.js:141:11)
    at process._tickCallback (internal/process/next_tick.js:180:9)
    at Function.Module.runMain (module.js:695:11)
    at startup (bootstrap_node.js:188:16)
    at bootstrap_node.js:609:3
  code: 'EADDRINUSE',
  errno: 'EADDRINUSE',
  syscall: 'bind',
  address: '0.0.0.0',
  port: 56700 }
    at Client.<anonymous> (C:\Users\John\Projects\node_modules\node-lifx\lib\lifx\client.js:147:13)
    at emitOne (events.js:116:13)
    at Socket.emit (events.js:211:7)
    at _handle.lookup (dgram.js:267:14)
    at _combinedTickCallback (internal/process/next_tick.js:141:11)
    at process._tickCallback (internal/process/next_tick.js:180:9)
    at Function.Module.runMain (module.js:695:11)
    at startup (bootstrap_node.js:188:16)
    at bootstrap_node.js:609:3
events.js:183
      throw er; // Unhandled 'error' event
      ^

Error: listen EADDRINUSE :::8080
    at Object._errnoException (util.js:1022:11)
    at _exceptionWithHostPort (util.js:1044:20)
    at Server.setupListenHandle [as _listen2] (net.js:1367:14)
    at listenInCluster (net.js:1408:12)
    at Server.listen (net.js:1492:7)
    at Function.listen (C:\Users\John\Projects\node_modules\express\lib\application.js:618:24)
    at Object.<anonymous> (C:\Users\John\Projects\index.js:90:5)
    at Module._compile (module.js:652:30)
    at Object.Module._extensions..js (module.js:663:10)
    at Module.load (module.js:565:32)
LIFX Client UDP error
Trace: { Error: bind EADDRINUSE 0.0.0.0:56700
    at Object._errnoException (util.js:1022:11)
    at _exceptionWithHostPort (util.js:1044:20)
    at _handle.lookup (dgram.js:266:18)
    at _combinedTickCallback (internal/process/next_tick.js:141:11)
    at process._tickCallback (internal/process/next_tick.js:180:9)
    at Function.Module.runMain (module.js:695:11)
    at startup (bootstrap_node.js:188:16)
    at bootstrap_node.js:609:3
  code: 'EADDRINUSE',
  errno: 'EADDRINUSE',
  syscall: 'bind',
  address: '0.0.0.0',
  port: 56700 }
    at Client.<anonymous> (C:\Users\John\Projects\node_modules\node-lifx\lib\lifx\client.js:147:13)
    at emitOne (events.js:116:13)
    at Socket.emit (events.js:211:7)
    at _handle.lookup (dgram.js:267:14)
    at _combinedTickCallback (internal/process/next_tick.js:141:11)
    at process._tickCallback (internal/process/next_tick.js:180:9)
    at Function.Module.runMain (module.js:695:11)
    at startup (bootstrap_node.js:188:16)
    at bootstrap_node.js:609:3
events.js:183
      throw er; // Unhandled 'error' event
      ^

Error: listen EADDRINUSE :::8080
    at Object._errnoException (util.js:1022:11)
    at _exceptionWithHostPort (util.js:1044:20)
    at Server.setupListenHandle [as _listen2] (net.js:1367:14)
    at listenInCluster (net.js:1408:12)
    at Server.listen (net.js:1492:7)
    at Function.listen (C:\Users\John\Projects\node_modules\express\lib\application.js:618:24)
    at Object.<anonymous> (C:\Users\John\Projects\index.js:90:5)
    at Module._compile (module.js:652:30)
    at Object.Module._extensions..js (module.js:663:10)
    at Module.load (module.js:565:32)
LIFX Client UDP error
Trace: { Error: bind EADDRINUSE 0.0.0.0:56700
    at Object._errnoException (util.js:1022:11)
    at _exceptionWithHostPort (util.js:1044:20)
    at _handle.lookup (dgram.js:266:18)
    at _combinedTickCallback (internal/process/next_tick.js:141:11)
    at process._tickCallback (internal/process/next_tick.js:180:9)
    at Function.Module.runMain (module.js:695:11)
    at startup (bootstrap_node.js:188:16)
    at bootstrap_node.js:609:3
  code: 'EADDRINUSE',
  errno: 'EADDRINUSE',
  syscall: 'bind',
  address: '0.0.0.0',
  port: 56700 }
    at Client.<anonymous> (C:\Users\John\Projects\node_modules\node-lifx\lib\lifx\client.js:147:13)
    at emitOne (events.js:116:13)
    at Socket.emit (events.js:211:7)
    at _handle.lookup (dgram.js:267:14)
    at _combinedTickCallback (internal/process/next_tick.js:141:11)
    at process._tickCallback (internal/process/next_tick.js:180:9)
    at Function.Module.runMain (module.js:695:11)
    at startup (bootstrap_node.js:188:16)
    at bootstrap_node.js:609:3
events.js:183
      throw er; // Unhandled 'error' event
      ^

Error: listen EADDRINUSE :::8080
    at Object._errnoException (util.js:1022:11)
    at _exceptionWithHostPort (util.js:1044:20)
    at Server.setupListenHandle [as _listen2] (net.js:1367:14)
    at listenInCluster (net.js:1408:12)
    at Server.listen (net.js:1492:7)
    at Function.listen (C:\Users\John\Projects\node_modules\express\lib\application.js:618:24)
    at Object.<anonymous> (C:\Users\John\Projects\index.js:90:5)
    at Module._compile (module.js:652:30)
    at Object.Module._extensions..js (module.js:663:10)
    at Module.load (module.js:565:32)
C:\Users\John\AppData\Roaming\npm\node_modules\qckwinsvc\node_modules\node-windows\lib\wrapper.js:177
    child.send('shutdown');
          ^

TypeError: Cannot read property 'send' of null
    at process.killkid (C:\Users\John\AppData\Roaming\npm\node_modules\qckwinsvc\node_modules\node-windows\lib\wrapper.js:177:11)
    at emitOne (events.js:116:13)
    at process.emit (events.js:211:7)
    at process.exit (internal/process.js:157:15)
    at monitor (C:\Users\John\AppData\Roaming\npm\node_modules\qckwinsvc\node_modules\node-windows\lib\wrapper.js:99:17)
    at ChildProcess.<anonymous> (C:\Users\John\AppData\Roaming\npm\node_modules\qckwinsvc\node_modules\node-windows\lib\wrapper.js:170:5)
    at emitTwo (events.js:126:13)
    at ChildProcess.emit (events.js:214:7)
    at Process.ChildProcess._handle.onexit (internal/child_process.js:198:12)
