2018-04-16 23:09:14 - Starting C:\Program Files\nodejs\node.exe  --harmony C:\Users\John\AppData\Roaming\npm\node_modules\qckwinsvc\node_modules\node-windows\lib\wrapper.js --file C:\Users\John\Projects\index.js --log "SmartService wrapper" --grow 0.25 --wait 1 --maxrestarts 3 --abortonerror n --stopparentfirst undefined
2018-04-16 23:09:14 - Started 14372
2018-04-17 19:50:50 - Starting C:\Program Files\nodejs\node.exe  --harmony C:\Users\John\AppData\Roaming\npm\node_modules\qckwinsvc\node_modules\node-windows\lib\wrapper.js --file C:\Users\John\Projects\index.js --log "SmartService wrapper" --grow 0.25 --wait 1 --maxrestarts 3 --abortonerror n --stopparentfirst undefined
2018-04-17 19:50:50 - Started 3896
2018-04-17 21:09:34 - Stopping smartservice.exe
2018-04-17 21:09:34 - ProcessKill 3896
2018-04-17 21:09:34 - Found child process: 4968 Name: conhost.exe
2018-04-17 21:09:34 - Found child process: 5768 Name: node.exe
2018-04-17 21:09:34 - Stopping process 4968
2018-04-17 21:09:34 - Send SIGINT 4968
2018-04-17 21:09:34 - SIGINT to 4968 failed - Killing as fallback
2018-04-17 21:09:34 - Stopping process 5768
2018-04-17 21:09:34 - Send SIGINT 5768
2018-04-17 21:09:34 - SIGINT to 5768 failed - Killing as fallback
2018-04-17 21:09:34 - Stopping process 3896
2018-04-17 21:09:34 - Send SIGINT 3896
2018-04-17 21:09:35 - SIGINT to 3896 failed - Killing as fallback
2018-04-17 21:09:35 - Finished smartservice.exe
2018-04-17 21:12:48 - Starting C:\Program Files\nodejs\node.exe  --harmony C:\Users\John\AppData\Roaming\npm\node_modules\qckwinsvc\node_modules\node-windows\lib\wrapper.js --file C:\Users\John\Projects\index.js --log "SmartService wrapper" --grow 0.25 --wait 1 --maxrestarts 3 --abortonerror n --stopparentfirst undefined
2018-04-17 21:12:48 - Started 9004
2018-04-17 21:13:49 - Stopping smartservice.exe
2018-04-17 21:13:49 - ProcessKill 9004
2018-04-17 21:13:49 - Found child process: 14172 Name: conhost.exe
2018-04-17 21:13:49 - Found child process: 1832 Name: node.exe
2018-04-17 21:13:49 - Stopping process 14172
2018-04-17 21:13:49 - Send SIGINT 14172
2018-04-17 21:13:49 - SIGINT to 14172 failed - Killing as fallback
2018-04-17 21:13:49 - Stopping process 1832
2018-04-17 21:13:49 - Send SIGINT 1832
2018-04-17 21:13:49 - SIGINT to 1832 failed - Killing as fallback
2018-04-17 21:13:49 - Stopping process 9004
2018-04-17 21:13:49 - Send SIGINT 9004
2018-04-17 21:13:49 - SIGINT to 9004 failed - Killing as fallback
2018-04-17 21:13:49 - Finished smartservice.exe
2018-04-17 21:17:29 - Starting C:\Program Files\nodejs\node.exe  --harmony C:\Users\John\AppData\Roaming\npm\node_modules\qckwinsvc\node_modules\node-windows\lib\wrapper.js --file C:\Users\John\Projects\index.js --log "SmartService wrapper" --grow 0.25 --wait 1 --maxrestarts 3 --abortonerror n --stopparentfirst undefined
2018-04-17 21:17:29 - Started 9924
2018-04-17 21:20:19 - Stopping smartservice.exe
2018-04-17 21:20:19 - ProcessKill 9924
2018-04-17 21:20:19 - Found child process: 376 Name: conhost.exe
2018-04-17 21:20:19 - Found child process: 7984 Name: node.exe
2018-04-17 21:20:19 - Stopping process 376
2018-04-17 21:20:19 - Send SIGINT 376
2018-04-17 21:20:19 - SIGINT to 376 failed - Killing as fallback
2018-04-17 21:20:19 - Stopping process 7984
2018-04-17 21:20:19 - Send SIGINT 7984
2018-04-17 21:20:19 - SIGINT to 7984 failed - Killing as fallback
2018-04-17 21:20:19 - Stopping process 9924
2018-04-17 21:20:19 - Send SIGINT 9924
2018-04-17 21:20:19 - SIGINT to 9924 failed - Killing as fallback
2018-04-17 21:20:19 - Finished smartservice.exe
