TypeError: Cannot read property 'getPower' of undefined
    at fade (C:\Users\John\Projects\index.js:74:8)
    at C:\Users\John\Projects\index.js:61:3
    at Layer.handle [as handle_request] (C:\Users\John\Projects\node_modules\express\lib\router\layer.js:95:5)
    at next (C:\Users\John\Projects\node_modules\express\lib\router\route.js:137:13)
    at Route.dispatch (C:\Users\John\Projects\node_modules\express\lib\router\route.js:112:3)
    at Layer.handle [as handle_request] (C:\Users\John\Projects\node_modules\express\lib\router\layer.js:95:5)
    at C:\Users\John\Projects\node_modules\express\lib\router\index.js:281:22
    at Function.process_params (C:\Users\John\Projects\node_modules\express\lib\router\index.js:335:12)
    at next (C:\Users\John\Projects\node_modules\express\lib\router\index.js:275:10)
    at expressInit (C:\Users\John\Projects\node_modules\express\lib\middleware\init.js:40:5)
TypeError: Cannot read property 'getPower' of undefined
    at fade (C:\Users\John\Projects\index.js:74:8)
    at C:\Users\John\Projects\index.js:61:3
    at Layer.handle [as handle_request] (C:\Users\John\Projects\node_modules\express\lib\router\layer.js:95:5)
    at next (C:\Users\John\Projects\node_modules\express\lib\router\route.js:137:13)
    at Route.dispatch (C:\Users\John\Projects\node_modules\express\lib\router\route.js:112:3)
    at Layer.handle [as handle_request] (C:\Users\John\Projects\node_modules\express\lib\router\layer.js:95:5)
    at C:\Users\John\Projects\node_modules\express\lib\router\index.js:281:22
    at Function.process_params (C:\Users\John\Projects\node_modules\express\lib\router\index.js:335:12)
    at next (C:\Users\John\Projects\node_modules\express\lib\router\index.js:275:10)
    at expressInit (C:\Users\John\Projects\node_modules\express\lib\middleware\init.js:40:5)
TypeError: Cannot read property 'getPower' of undefined
    at fade (C:\Users\John\Projects\index.js:74:8)
    at C:\Users\John\Projects\index.js:61:3
    at Layer.handle [as handle_request] (C:\Users\John\Projects\node_modules\express\lib\router\layer.js:95:5)
    at next (C:\Users\John\Projects\node_modules\express\lib\router\route.js:137:13)
    at Route.dispatch (C:\Users\John\Projects\node_modules\express\lib\router\route.js:112:3)
    at Layer.handle [as handle_request] (C:\Users\John\Projects\node_modules\express\lib\router\layer.js:95:5)
    at C:\Users\John\Projects\node_modules\express\lib\router\index.js:281:22
    at Function.process_params (C:\Users\John\Projects\node_modules\express\lib\router\index.js:335:12)
    at next (C:\Users\John\Projects\node_modules\express\lib\router\index.js:275:10)
    at expressInit (C:\Users\John\Projects\node_modules\express\lib\middleware\init.js:40:5)
TypeError: Cannot read property 'getPower' of undefined
    at fade (C:\Users\John\Projects\index.js:74:8)
    at C:\Users\John\Projects\index.js:61:3
    at Layer.handle [as handle_request] (C:\Users\John\Projects\node_modules\express\lib\router\layer.js:95:5)
    at next (C:\Users\John\Projects\node_modules\express\lib\router\route.js:137:13)
    at Route.dispatch (C:\Users\John\Projects\node_modules\express\lib\router\route.js:112:3)
    at Layer.handle [as handle_request] (C:\Users\John\Projects\node_modules\express\lib\router\layer.js:95:5)
    at C:\Users\John\Projects\node_modules\express\lib\router\index.js:281:22
    at Function.process_params (C:\Users\John\Projects\node_modules\express\lib\router\index.js:335:12)
    at next (C:\Users\John\Projects\node_modules\express\lib\router\index.js:275:10)
    at expressInit (C:\Users\John\Projects\node_modules\express\lib\middleware\init.js:40:5)
TypeError: Cannot read property 'getPower' of undefined
    at fade (C:\Users\John\Projects\index.js:74:8)
    at C:\Users\John\Projects\index.js:61:3
    at Layer.handle [as handle_request] (C:\Users\John\Projects\node_modules\express\lib\router\layer.js:95:5)
    at next (C:\Users\John\Projects\node_modules\express\lib\router\route.js:137:13)
    at Route.dispatch (C:\Users\John\Projects\node_modules\express\lib\router\route.js:112:3)
    at Layer.handle [as handle_request] (C:\Users\John\Projects\node_modules\express\lib\router\layer.js:95:5)
    at C:\Users\John\Projects\node_modules\express\lib\router\index.js:281:22
    at Function.process_params (C:\Users\John\Projects\node_modules\express\lib\router\index.js:335:12)
    at next (C:\Users\John\Projects\node_modules\express\lib\router\index.js:275:10)
    at expressInit (C:\Users\John\Projects\node_modules\express\lib\middleware\init.js:40:5)
TypeError: Cannot read property 'getPower' of undefined
    at fade (C:\Users\John\Projects\index.js:74:8)
    at C:\Users\John\Projects\index.js:61:3
    at Layer.handle [as handle_request] (C:\Users\John\Projects\node_modules\express\lib\router\layer.js:95:5)
    at next (C:\Users\John\Projects\node_modules\express\lib\router\route.js:137:13)
    at Route.dispatch (C:\Users\John\Projects\node_modules\express\lib\router\route.js:112:3)
    at Layer.handle [as handle_request] (C:\Users\John\Projects\node_modules\express\lib\router\layer.js:95:5)
    at C:\Users\John\Projects\node_modules\express\lib\router\index.js:281:22
    at Function.process_params (C:\Users\John\Projects\node_modules\express\lib\router\index.js:335:12)
    at next (C:\Users\John\Projects\node_modules\express\lib\router\index.js:275:10)
    at expressInit (C:\Users\John\Projects\node_modules\express\lib\middleware\init.js:40:5)
TypeError: Cannot read property 'getPower' of undefined
    at fade (C:\Users\John\Projects\index.js:74:8)
    at C:\Users\John\Projects\index.js:61:3
    at Layer.handle [as handle_request] (C:\Users\John\Projects\node_modules\express\lib\router\layer.js:95:5)
    at next (C:\Users\John\Projects\node_modules\express\lib\router\route.js:137:13)
    at Route.dispatch (C:\Users\John\Projects\node_modules\express\lib\router\route.js:112:3)
    at Layer.handle [as handle_request] (C:\Users\John\Projects\node_modules\express\lib\router\layer.js:95:5)
    at C:\Users\John\Projects\node_modules\express\lib\router\index.js:281:22
    at Function.process_params (C:\Users\John\Projects\node_modules\express\lib\router\index.js:335:12)
    at next (C:\Users\John\Projects\node_modules\express\lib\router\index.js:275:10)
    at expressInit (C:\Users\John\Projects\node_modules\express\lib\middleware\init.js:40:5)
TypeError: Cannot read property 'getPower' of undefined
    at fade (C:\Users\John\Projects\index.js:74:8)
    at C:\Users\John\Projects\index.js:61:3
    at Layer.handle [as handle_request] (C:\Users\John\Projects\node_modules\express\lib\router\layer.js:95:5)
    at next (C:\Users\John\Projects\node_modules\express\lib\router\route.js:137:13)
    at Route.dispatch (C:\Users\John\Projects\node_modules\express\lib\router\route.js:112:3)
    at Layer.handle [as handle_request] (C:\Users\John\Projects\node_modules\express\lib\router\layer.js:95:5)
    at C:\Users\John\Projects\node_modules\express\lib\router\index.js:281:22
    at Function.process_params (C:\Users\John\Projects\node_modules\express\lib\router\index.js:335:12)
    at next (C:\Users\John\Projects\node_modules\express\lib\router\index.js:275:10)
    at expressInit (C:\Users\John\Projects\node_modules\express\lib\middleware\init.js:40:5)
TypeError: Cannot read property 'getPower' of undefined
    at fade (C:\Users\John\Projects\index.js:74:8)
    at C:\Users\John\Projects\index.js:61:3
    at Layer.handle [as handle_request] (C:\Users\John\Projects\node_modules\express\lib\router\layer.js:95:5)
    at next (C:\Users\John\Projects\node_modules\express\lib\router\route.js:137:13)
    at Route.dispatch (C:\Users\John\Projects\node_modules\express\lib\router\route.js:112:3)
    at Layer.handle [as handle_request] (C:\Users\John\Projects\node_modules\express\lib\router\layer.js:95:5)
    at C:\Users\John\Projects\node_modules\express\lib\router\index.js:281:22
    at Function.process_params (C:\Users\John\Projects\node_modules\express\lib\router\index.js:335:12)
    at next (C:\Users\John\Projects\node_modules\express\lib\router\index.js:275:10)
    at expressInit (C:\Users\John\Projects\node_modules\express\lib\middleware\init.js:40:5)
TypeError: Cannot read property 'getPower' of undefined
    at fade (C:\Users\John\Projects\index.js:74:8)
    at C:\Users\John\Projects\index.js:61:3
    at Layer.handle [as handle_request] (C:\Users\John\Projects\node_modules\express\lib\router\layer.js:95:5)
    at next (C:\Users\John\Projects\node_modules\express\lib\router\route.js:137:13)
    at Route.dispatch (C:\Users\John\Projects\node_modules\express\lib\router\route.js:112:3)
    at Layer.handle [as handle_request] (C:\Users\John\Projects\node_modules\express\lib\router\layer.js:95:5)
    at C:\Users\John\Projects\node_modules\express\lib\router\index.js:281:22
    at Function.process_params (C:\Users\John\Projects\node_modules\express\lib\router\index.js:335:12)
    at next (C:\Users\John\Projects\node_modules\express\lib\router\index.js:275:10)
    at expressInit (C:\Users\John\Projects\node_modules\express\lib\middleware\init.js:40:5)
